<?xml version="1.0" encoding="UTF-8"?>
<testsuite xmlns:xsi="http://www.w3.org/2001/XMLSchema-instance" xsi:noNamespaceSchemaLocation="https://maven.apache.org/surefire/maven-surefire-plugin/xsd/surefire-test-report-3.0.xsd" version="3.0" name="com.example.AppTest" time="0.015" tests="1" errors="0" skipped="0" failures="0">
  <properties>
    <property name="gopherProxySet" value="false"/>
    <property name="awt.toolkit" value="sun.lwawt.macosx.LWCToolkit"/>
    <property name="java.specification.version" value="11"/>
    <property name="sun.cpu.isalist" value=""/>
    <property name="sun.jnu.encoding" value="UTF-8"/>
    <property name="java.class.path" value="/Users/jfulch/git/school/dsci-550/tika-demo/target/test-classes:/Users/jfulch/git/school/dsci-550/tika-demo/target/classes:/Users/jfulch/.m2/repository/org/apache/tika/tika-core/2.7.0/tika-core-2.7.0.jar:/Users/jfulch/.m2/repository/org/slf4j/slf4j-api/2.0.6/slf4j-api-2.0.6.jar:/Users/jfulch/.m2/repository/commons-io/commons-io/2.11.0/commons-io-2.11.0.jar:/Users/jfulch/.m2/repository/org/apache/tika/tika-parsers-standard-package/2.7.0/tika-parsers-standard-package-2.7.0.jar:/Users/jfulch/.m2/repository/org/apache/tika/tika-parser-apple-module/2.7.0/tika-parser-apple-module-2.7.0.jar:/Users/jfulch/.m2/repository/org/apache/tika/tika-parser-zip-commons/2.7.0/tika-parser-zip-commons-2.7.0.jar:/Users/jfulch/.m2/repository/com/googlecode/plist/dd-plist/1.26/dd-plist-1.26.jar:/Users/jfulch/.m2/repository/org/apache/tika/tika-parser-audiovideo-module/2.7.0/tika-parser-audiovideo-module-2.7.0.jar:/Users/jfulch/.m2/repository/com/drewnoakes/metadata-extractor/2.18.0/metadata-extractor-2.18.0.jar:/Users/jfulch/.m2/repository/com/adobe/xmp/xmpcore/6.1.11/xmpcore-6.1.11.jar:/Users/jfulch/.m2/repository/org/apache/tika/tika-parser-cad-module/2.7.0/tika-parser-cad-module-2.7.0.jar:/Users/jfulch/.m2/repository/com/fasterxml/jackson/core/jackson-core/2.14.2/jackson-core-2.14.2.jar:/Users/jfulch/.m2/repository/com/fasterxml/jackson/core/jackson-databind/2.14.2/jackson-databind-2.14.2.jar:/Users/jfulch/.m2/repository/com/fasterxml/jackson/core/jackson-annotations/2.14.2/jackson-annotations-2.14.2.jar:/Users/jfulch/.m2/repository/org/apache/tika/tika-parser-code-module/2.7.0/tika-parser-code-module-2.7.0.jar:/Users/jfulch/.m2/repository/org/codelibs/jhighlight/1.1.0/jhighlight-1.1.0.jar:/Users/jfulch/.m2/repository/org/ccil/cowan/tagsoup/tagsoup/1.2.1/tagsoup-1.2.1.jar:/Users/jfulch/.m2/repository/org/ow2/asm/asm/9.4/asm-9.4.jar:/Users/jfulch/.m2/repository/com/epam/parso/2.0.14/parso-2.0.14.jar:/Users/jfulch/.m2/repository/org/tallison/jmatio/1.5/jmatio-1.5.jar:/Users/jfulch/.m2/repository/org/apache/tika/tika-parser-crypto-module/2.7.0/tika-parser-crypto-module-2.7.0.jar:/Users/jfulch/.m2/repository/org/bouncycastle/bcmail-jdk18on/1.72/bcmail-jdk18on-1.72.jar:/Users/jfulch/.m2/repository/org/bouncycastle/bcutil-jdk18on/1.72/bcutil-jdk18on-1.72.jar:/Users/jfulch/.m2/repository/org/bouncycastle/bcpkix-jdk18on/1.72/bcpkix-jdk18on-1.72.jar:/Users/jfulch/.m2/repository/org/bouncycastle/bcprov-jdk18on/1.72/bcprov-jdk18on-1.72.jar:/Users/jfulch/.m2/repository/org/apache/tika/tika-parser-digest-commons/2.7.0/tika-parser-digest-commons-2.7.0.jar:/Users/jfulch/.m2/repository/commons-codec/commons-codec/1.15/commons-codec-1.15.jar:/Users/jfulch/.m2/repository/org/apache/tika/tika-parser-font-module/2.7.0/tika-parser-font-module-2.7.0.jar:/Users/jfulch/.m2/repository/org/apache/pdfbox/fontbox/2.0.27/fontbox-2.0.27.jar:/Users/jfulch/.m2/repository/org/apache/tika/tika-parser-html-module/2.7.0/tika-parser-html-module-2.7.0.jar:/Users/jfulch/.m2/repository/org/apache/tika/tika-parser-image-module/2.7.0/tika-parser-image-module-2.7.0.jar:/Users/jfulch/.m2/repository/com/github/jai-imageio/jai-imageio-core/1.4.0/jai-imageio-core-1.4.0.jar:/Users/jfulch/.m2/repository/org/apache/pdfbox/jbig2-imageio/3.0.4/jbig2-imageio-3.0.4.jar:/Users/jfulch/.m2/repository/org/apache/tika/tika-parser-mail-module/2.7.0/tika-parser-mail-module-2.7.0.jar:/Users/jfulch/.m2/repository/org/apache/tika/tika-parser-mail-commons/2.7.0/tika-parser-mail-commons-2.7.0.jar:/Users/jfulch/.m2/repository/org/apache/james/apache-mime4j-core/0.8.9/apache-mime4j-core-0.8.9.jar:/Users/jfulch/.m2/repository/org/apache/james/apache-mime4j-dom/0.8.9/apache-mime4j-dom-0.8.9.jar:/Users/jfulch/.m2/repository/org/apache/tika/tika-parser-microsoft-module/2.7.0/tika-parser-microsoft-module-2.7.0.jar:/Users/jfulch/.m2/repository/com/pff/java-libpst/0.9.3/java-libpst-0.9.3.jar:/Users/jfulch/.m2/repository/org/apache/commons/commons-lang3/3.12.0/commons-lang3-3.12.0.jar:/Users/jfulch/.m2/repository/org/apache/poi/poi/5.2.3/poi-5.2.3.jar:/Users/jfulch/.m2/repository/org/apache/commons/commons-math3/3.6.1/commons-math3-3.6.1.jar:/Users/jfulch/.m2/repository/com/zaxxer/SparseBitSet/1.2/SparseBitSet-1.2.jar:/Users/jfulch/.m2/repository/org/apache/logging/log4j/log4j-api/2.18.0/log4j-api-2.18.0.jar:/Users/jfulch/.m2/repository/org/apache/poi/poi-scratchpad/5.2.3/poi-scratchpad-5.2.3.jar:/Users/jfulch/.m2/repository/org/apache/poi/poi-ooxml/5.2.3/poi-ooxml-5.2.3.jar:/Users/jfulch/.m2/repository/org/apache/poi/poi-ooxml-lite/5.2.3/poi-ooxml-lite-5.2.3.jar:/Users/jfulch/.m2/repository/org/apache/xmlbeans/xmlbeans/5.1.1/xmlbeans-5.1.1.jar:/Users/jfulch/.m2/repository/com/github/virtuald/curvesapi/1.07/curvesapi-1.07.jar:/Users/jfulch/.m2/repository/commons-logging/commons-logging/1.2/commons-logging-1.2.jar:/Users/jfulch/.m2/repository/com/healthmarketscience/jackcess/jackcess/4.0.5/jackcess-4.0.5.jar:/Users/jfulch/.m2/repository/com/healthmarketscience/jackcess/jackcess-encrypt/4.0.2/jackcess-encrypt-4.0.2.jar:/Users/jfulch/.m2/repository/org/slf4j/jcl-over-slf4j/2.0.6/jcl-over-slf4j-2.0.6.jar:/Users/jfulch/.m2/repository/org/apache/tika/tika-parser-miscoffice-module/2.7.0/tika-parser-miscoffice-module-2.7.0.jar:/Users/jfulch/.m2/repository/org/apache/commons/commons-collections4/4.4/commons-collections4-4.4.jar:/Users/jfulch/.m2/repository/org/glassfish/jaxb/jaxb-runtime/2.3.6/jaxb-runtime-2.3.6.jar:/Users/jfulch/.m2/repository/jakarta/xml/bind/jakarta.xml.bind-api/2.3.3/jakarta.xml.bind-api-2.3.3.jar:/Users/jfulch/.m2/repository/org/glassfish/jaxb/txw2/2.3.6/txw2-2.3.6.jar:/Users/jfulch/.m2/repository/com/sun/istack/istack-commons-runtime/3.0.12/istack-commons-runtime-3.0.12.jar:/Users/jfulch/.m2/repository/com/sun/activation/jakarta.activation/1.2.2/jakarta.activation-1.2.2.jar:/Users/jfulch/.m2/repository/org/apache/tika/tika-parser-news-module/2.7.0/tika-parser-news-module-2.7.0.jar:/Users/jfulch/.m2/repository/com/rometools/rome/1.18.0/rome-1.18.0.jar:/Users/jfulch/.m2/repository/com/rometools/rome-utils/1.18.0/rome-utils-1.18.0.jar:/Users/jfulch/.m2/repository/org/jdom/jdom2/2.0.6.1/jdom2-2.0.6.1.jar:/Users/jfulch/.m2/repository/org/apache/tika/tika-parser-ocr-module/2.7.0/tika-parser-ocr-module-2.7.0.jar:/Users/jfulch/.m2/repository/org/apache/commons/commons-exec/1.3/commons-exec-1.3.jar:/Users/jfulch/.m2/repository/org/apache/tika/tika-parser-pdf-module/2.7.0/tika-parser-pdf-module-2.7.0.jar:/Users/jfulch/.m2/repository/org/apache/pdfbox/pdfbox/2.0.27/pdfbox-2.0.27.jar:/Users/jfulch/.m2/repository/org/apache/pdfbox/pdfbox-tools/2.0.27/pdfbox-tools-2.0.27.jar:/Users/jfulch/.m2/repository/org/apache/pdfbox/jempbox/1.8.17/jempbox-1.8.17.jar:/Users/jfulch/.m2/repository/org/apache/tika/tika-parser-pkg-module/2.7.0/tika-parser-pkg-module-2.7.0.jar:/Users/jfulch/.m2/repository/org/tukaani/xz/1.9/xz-1.9.jar:/Users/jfulch/.m2/repository/org/brotli/dec/0.1.2/dec-0.1.2.jar:/Users/jfulch/.m2/repository/com/github/junrar/junrar/7.5.4/junrar-7.5.4.jar:/Users/jfulch/.m2/repository/org/apache/tika/tika-parser-text-module/2.7.0/tika-parser-text-module-2.7.0.jar:/Users/jfulch/.m2/repository/com/github/albfernandez/juniversalchardet/2.4.0/juniversalchardet-2.4.0.jar:/Users/jfulch/.m2/repository/org/apache/commons/commons-csv/1.9.0/commons-csv-1.9.0.jar:/Users/jfulch/.m2/repository/org/apache/tika/tika-parser-webarchive-module/2.7.0/tika-parser-webarchive-module-2.7.0.jar:/Users/jfulch/.m2/repository/org/netpreserve/jwarc/0.21.0/jwarc-0.21.0.jar:/Users/jfulch/.m2/repository/org/apache/commons/commons-compress/1.22/commons-compress-1.22.jar:/Users/jfulch/.m2/repository/org/apache/tika/tika-parser-xml-module/2.7.0/tika-parser-xml-module-2.7.0.jar:/Users/jfulch/.m2/repository/xerces/xercesImpl/2.12.2/xercesImpl-2.12.2.jar:/Users/jfulch/.m2/repository/xml-apis/xml-apis/1.4.01/xml-apis-1.4.01.jar:/Users/jfulch/.m2/repository/org/apache/tika/tika-parser-xmp-commons/2.7.0/tika-parser-xmp-commons-2.7.0.jar:/Users/jfulch/.m2/repository/org/apache/pdfbox/xmpbox/2.0.27/xmpbox-2.0.27.jar:/Users/jfulch/.m2/repository/org/gagravarr/vorbis-java-tika/0.8/vorbis-java-tika-0.8.jar:/Users/jfulch/.m2/repository/org/gagravarr/vorbis-java-core/0.8/vorbis-java-core-0.8.jar:/Users/jfulch/.m2/repository/junit/junit/3.8.1/junit-3.8.1.jar:"/>
    <property name="java.vm.vendor" value="Homebrew"/>
    <property name="sun.arch.data.model" value="64"/>
    <property name="java.vendor.url" value="https://github.com/Homebrew/homebrew-core/issues"/>
    <property name="user.timezone" value=""/>
    <property name="java.vm.specification.version" value="11"/>
    <property name="os.name" value="Mac OS X"/>
    <property name="sun.java.launcher" value="SUN_STANDARD"/>
    <property name="user.country" value="US"/>
    <property name="sun.boot.library.path" value="/usr/local/Cellar/openjdk@11/11.0.25/libexec/openjdk.jdk/Contents/Home/lib"/>
    <property name="sun.java.command" value="/Users/jfulch/git/school/dsci-550/tika-demo/target/surefire/surefirebooter-20250121131418429_3.jar /Users/jfulch/git/school/dsci-550/tika-demo/target/surefire 2025-01-21T13-14-18_172-jvmRun1 surefire-20250121131418429_1tmp surefire_0-20250121131418429_2tmp"/>
    <property name="http.nonProxyHosts" value="local|*.local|169.254/16|*.169.254/16"/>
    <property name="jdk.debug" value="release"/>
    <property name="surefire.test.class.path" value="/Users/jfulch/git/school/dsci-550/tika-demo/target/test-classes:/Users/jfulch/git/school/dsci-550/tika-demo/target/classes:/Users/jfulch/.m2/repository/org/apache/tika/tika-core/2.7.0/tika-core-2.7.0.jar:/Users/jfulch/.m2/repository/org/slf4j/slf4j-api/2.0.6/slf4j-api-2.0.6.jar:/Users/jfulch/.m2/repository/commons-io/commons-io/2.11.0/commons-io-2.11.0.jar:/Users/jfulch/.m2/repository/org/apache/tika/tika-parsers-standard-package/2.7.0/tika-parsers-standard-package-2.7.0.jar:/Users/jfulch/.m2/repository/org/apache/tika/tika-parser-apple-module/2.7.0/tika-parser-apple-module-2.7.0.jar:/Users/jfulch/.m2/repository/org/apache/tika/tika-parser-zip-commons/2.7.0/tika-parser-zip-commons-2.7.0.jar:/Users/jfulch/.m2/repository/com/googlecode/plist/dd-plist/1.26/dd-plist-1.26.jar:/Users/jfulch/.m2/repository/org/apache/tika/tika-parser-audiovideo-module/2.7.0/tika-parser-audiovideo-module-2.7.0.jar:/Users/jfulch/.m2/repository/com/drewnoakes/metadata-extractor/2.18.0/metadata-extractor-2.18.0.jar:/Users/jfulch/.m2/repository/com/adobe/xmp/xmpcore/6.1.11/xmpcore-6.1.11.jar:/Users/jfulch/.m2/repository/org/apache/tika/tika-parser-cad-module/2.7.0/tika-parser-cad-module-2.7.0.jar:/Users/jfulch/.m2/repository/com/fasterxml/jackson/core/jackson-core/2.14.2/jackson-core-2.14.2.jar:/Users/jfulch/.m2/repository/com/fasterxml/jackson/core/jackson-databind/2.14.2/jackson-databind-2.14.2.jar:/Users/jfulch/.m2/repository/com/fasterxml/jackson/core/jackson-annotations/2.14.2/jackson-annotations-2.14.2.jar:/Users/jfulch/.m2/repository/org/apache/tika/tika-parser-code-module/2.7.0/tika-parser-code-module-2.7.0.jar:/Users/jfulch/.m2/repository/org/codelibs/jhighlight/1.1.0/jhighlight-1.1.0.jar:/Users/jfulch/.m2/repository/org/ccil/cowan/tagsoup/tagsoup/1.2.1/tagsoup-1.2.1.jar:/Users/jfulch/.m2/repository/org/ow2/asm/asm/9.4/asm-9.4.jar:/Users/jfulch/.m2/repository/com/epam/parso/2.0.14/parso-2.0.14.jar:/Users/jfulch/.m2/repository/org/tallison/jmatio/1.5/jmatio-1.5.jar:/Users/jfulch/.m2/repository/org/apache/tika/tika-parser-crypto-module/2.7.0/tika-parser-crypto-module-2.7.0.jar:/Users/jfulch/.m2/repository/org/bouncycastle/bcmail-jdk18on/1.72/bcmail-jdk18on-1.72.jar:/Users/jfulch/.m2/repository/org/bouncycastle/bcutil-jdk18on/1.72/bcutil-jdk18on-1.72.jar:/Users/jfulch/.m2/repository/org/bouncycastle/bcpkix-jdk18on/1.72/bcpkix-jdk18on-1.72.jar:/Users/jfulch/.m2/repository/org/bouncycastle/bcprov-jdk18on/1.72/bcprov-jdk18on-1.72.jar:/Users/jfulch/.m2/repository/org/apache/tika/tika-parser-digest-commons/2.7.0/tika-parser-digest-commons-2.7.0.jar:/Users/jfulch/.m2/repository/commons-codec/commons-codec/1.15/commons-codec-1.15.jar:/Users/jfulch/.m2/repository/org/apache/tika/tika-parser-font-module/2.7.0/tika-parser-font-module-2.7.0.jar:/Users/jfulch/.m2/repository/org/apache/pdfbox/fontbox/2.0.27/fontbox-2.0.27.jar:/Users/jfulch/.m2/repository/org/apache/tika/tika-parser-html-module/2.7.0/tika-parser-html-module-2.7.0.jar:/Users/jfulch/.m2/repository/org/apache/tika/tika-parser-image-module/2.7.0/tika-parser-image-module-2.7.0.jar:/Users/jfulch/.m2/repository/com/github/jai-imageio/jai-imageio-core/1.4.0/jai-imageio-core-1.4.0.jar:/Users/jfulch/.m2/repository/org/apache/pdfbox/jbig2-imageio/3.0.4/jbig2-imageio-3.0.4.jar:/Users/jfulch/.m2/repository/org/apache/tika/tika-parser-mail-module/2.7.0/tika-parser-mail-module-2.7.0.jar:/Users/jfulch/.m2/repository/org/apache/tika/tika-parser-mail-commons/2.7.0/tika-parser-mail-commons-2.7.0.jar:/Users/jfulch/.m2/repository/org/apache/james/apache-mime4j-core/0.8.9/apache-mime4j-core-0.8.9.jar:/Users/jfulch/.m2/repository/org/apache/james/apache-mime4j-dom/0.8.9/apache-mime4j-dom-0.8.9.jar:/Users/jfulch/.m2/repository/org/apache/tika/tika-parser-microsoft-module/2.7.0/tika-parser-microsoft-module-2.7.0.jar:/Users/jfulch/.m2/repository/com/pff/java-libpst/0.9.3/java-libpst-0.9.3.jar:/Users/jfulch/.m2/repository/org/apache/commons/commons-lang3/3.12.0/commons-lang3-3.12.0.jar:/Users/jfulch/.m2/repository/org/apache/poi/poi/5.2.3/poi-5.2.3.jar:/Users/jfulch/.m2/repository/org/apache/commons/commons-math3/3.6.1/commons-math3-3.6.1.jar:/Users/jfulch/.m2/repository/com/zaxxer/SparseBitSet/1.2/SparseBitSet-1.2.jar:/Users/jfulch/.m2/repository/org/apache/logging/log4j/log4j-api/2.18.0/log4j-api-2.18.0.jar:/Users/jfulch/.m2/repository/org/apache/poi/poi-scratchpad/5.2.3/poi-scratchpad-5.2.3.jar:/Users/jfulch/.m2/repository/org/apache/poi/poi-ooxml/5.2.3/poi-ooxml-5.2.3.jar:/Users/jfulch/.m2/repository/org/apache/poi/poi-ooxml-lite/5.2.3/poi-ooxml-lite-5.2.3.jar:/Users/jfulch/.m2/repository/org/apache/xmlbeans/xmlbeans/5.1.1/xmlbeans-5.1.1.jar:/Users/jfulch/.m2/repository/com/github/virtuald/curvesapi/1.07/curvesapi-1.07.jar:/Users/jfulch/.m2/repository/commons-logging/commons-logging/1.2/commons-logging-1.2.jar:/Users/jfulch/.m2/repository/com/healthmarketscience/jackcess/jackcess/4.0.5/jackcess-4.0.5.jar:/Users/jfulch/.m2/repository/com/healthmarketscience/jackcess/jackcess-encrypt/4.0.2/jackcess-encrypt-4.0.2.jar:/Users/jfulch/.m2/repository/org/slf4j/jcl-over-slf4j/2.0.6/jcl-over-slf4j-2.0.6.jar:/Users/jfulch/.m2/repository/org/apache/tika/tika-parser-miscoffice-module/2.7.0/tika-parser-miscoffice-module-2.7.0.jar:/Users/jfulch/.m2/repository/org/apache/commons/commons-collections4/4.4/commons-collections4-4.4.jar:/Users/jfulch/.m2/repository/org/glassfish/jaxb/jaxb-runtime/2.3.6/jaxb-runtime-2.3.6.jar:/Users/jfulch/.m2/repository/jakarta/xml/bind/jakarta.xml.bind-api/2.3.3/jakarta.xml.bind-api-2.3.3.jar:/Users/jfulch/.m2/repository/org/glassfish/jaxb/txw2/2.3.6/txw2-2.3.6.jar:/Users/jfulch/.m2/repository/com/sun/istack/istack-commons-runtime/3.0.12/istack-commons-runtime-3.0.12.jar:/Users/jfulch/.m2/repository/com/sun/activation/jakarta.activation/1.2.2/jakarta.activation-1.2.2.jar:/Users/jfulch/.m2/repository/org/apache/tika/tika-parser-news-module/2.7.0/tika-parser-news-module-2.7.0.jar:/Users/jfulch/.m2/repository/com/rometools/rome/1.18.0/rome-1.18.0.jar:/Users/jfulch/.m2/repository/com/rometools/rome-utils/1.18.0/rome-utils-1.18.0.jar:/Users/jfulch/.m2/repository/org/jdom/jdom2/2.0.6.1/jdom2-2.0.6.1.jar:/Users/jfulch/.m2/repository/org/apache/tika/tika-parser-ocr-module/2.7.0/tika-parser-ocr-module-2.7.0.jar:/Users/jfulch/.m2/repository/org/apache/commons/commons-exec/1.3/commons-exec-1.3.jar:/Users/jfulch/.m2/repository/org/apache/tika/tika-parser-pdf-module/2.7.0/tika-parser-pdf-module-2.7.0.jar:/Users/jfulch/.m2/repository/org/apache/pdfbox/pdfbox/2.0.27/pdfbox-2.0.27.jar:/Users/jfulch/.m2/repository/org/apache/pdfbox/pdfbox-tools/2.0.27/pdfbox-tools-2.0.27.jar:/Users/jfulch/.m2/repository/org/apache/pdfbox/jempbox/1.8.17/jempbox-1.8.17.jar:/Users/jfulch/.m2/repository/org/apache/tika/tika-parser-pkg-module/2.7.0/tika-parser-pkg-module-2.7.0.jar:/Users/jfulch/.m2/repository/org/tukaani/xz/1.9/xz-1.9.jar:/Users/jfulch/.m2/repository/org/brotli/dec/0.1.2/dec-0.1.2.jar:/Users/jfulch/.m2/repository/com/github/junrar/junrar/7.5.4/junrar-7.5.4.jar:/Users/jfulch/.m2/repository/org/apache/tika/tika-parser-text-module/2.7.0/tika-parser-text-module-2.7.0.jar:/Users/jfulch/.m2/repository/com/github/albfernandez/juniversalchardet/2.4.0/juniversalchardet-2.4.0.jar:/Users/jfulch/.m2/repository/org/apache/commons/commons-csv/1.9.0/commons-csv-1.9.0.jar:/Users/jfulch/.m2/repository/org/apache/tika/tika-parser-webarchive-module/2.7.0/tika-parser-webarchive-module-2.7.0.jar:/Users/jfulch/.m2/repository/org/netpreserve/jwarc/0.21.0/jwarc-0.21.0.jar:/Users/jfulch/.m2/repository/org/apache/commons/commons-compress/1.22/commons-compress-1.22.jar:/Users/jfulch/.m2/repository/org/apache/tika/tika-parser-xml-module/2.7.0/tika-parser-xml-module-2.7.0.jar:/Users/jfulch/.m2/repository/xerces/xercesImpl/2.12.2/xercesImpl-2.12.2.jar:/Users/jfulch/.m2/repository/xml-apis/xml-apis/1.4.01/xml-apis-1.4.01.jar:/Users/jfulch/.m2/repository/org/apache/tika/tika-parser-xmp-commons/2.7.0/tika-parser-xmp-commons-2.7.0.jar:/Users/jfulch/.m2/repository/org/apache/pdfbox/xmpbox/2.0.27/xmpbox-2.0.27.jar:/Users/jfulch/.m2/repository/org/gagravarr/vorbis-java-tika/0.8/vorbis-java-tika-0.8.jar:/Users/jfulch/.m2/repository/org/gagravarr/vorbis-java-core/0.8/vorbis-java-core-0.8.jar:/Users/jfulch/.m2/repository/junit/junit/3.8.1/junit-3.8.1.jar:"/>
    <property name="sun.cpu.endian" value="little"/>
    <property name="user.home" value="/Users/jfulch"/>
    <property name="user.language" value="en"/>
    <property name="java.specification.vendor" value="Oracle Corporation"/>
    <property name="java.version.date" value="2024-10-15"/>
    <property name="java.home" value="/usr/local/Cellar/openjdk@11/11.0.25/libexec/openjdk.jdk/Contents/Home"/>
    <property name="file.separator" value="/"/>
    <property name="basedir" value="/Users/jfulch/git/school/dsci-550/tika-demo"/>
    <property name="java.vm.compressedOopsMode" value="Zero based"/>
    <property name="line.separator" value="&#10;"/>
    <property name="java.specification.name" value="Java Platform API Specification"/>
    <property name="java.vm.specification.vendor" value="Oracle Corporation"/>
    <property name="java.awt.graphicsenv" value="sun.awt.CGraphicsEnvironment"/>
    <property name="surefire.real.class.path" value="/Users/jfulch/git/school/dsci-550/tika-demo/target/surefire/surefirebooter-20250121131418429_3.jar"/>
    <property name="sun.management.compiler" value="HotSpot 64-Bit Tiered Compilers"/>
    <property name="ftp.nonProxyHosts" value="local|*.local|169.254/16|*.169.254/16"/>
    <property name="java.runtime.version" value="11.0.25+0"/>
    <property name="user.name" value="jfulch"/>
    <property name="path.separator" value=":"/>
    <property name="os.version" value="15.2"/>
    <property name="java.runtime.name" value="OpenJDK Runtime Environment"/>
    <property name="file.encoding" value="UTF-8"/>
    <property name="java.vm.name" value="OpenJDK 64-Bit Server VM"/>
    <property name="java.vendor.version" value="Homebrew"/>
    <property name="localRepository" value="/Users/jfulch/.m2/repository"/>
    <property name="java.vendor.url.bug" value="https://github.com/Homebrew/homebrew-core/issues"/>
    <property name="java.io.tmpdir" value="/var/folders/3n/89_m6h354nb1fvlzlwnltnf00000gp/T/"/>
    <property name="java.version" value="11.0.25"/>
    <property name="user.dir" value="/Users/jfulch/git/school/dsci-550/tika-demo"/>
    <property name="os.arch" value="x86_64"/>
    <property name="java.vm.specification.name" value="Java Virtual Machine Specification"/>
    <property name="java.awt.printerjob" value="sun.lwawt.macosx.CPrinterJob"/>
    <property name="sun.os.patch.level" value="unknown"/>
    <property name="java.library.path" value="/Users/jfulch/Library/Java/Extensions:/Library/Java/Extensions:/Network/Library/Java/Extensions:/System/Library/Java/Extensions:/usr/lib/java:."/>
    <property name="java.vm.info" value="mixed mode"/>
    <property name="java.vendor" value="Homebrew"/>
    <property name="java.vm.version" value="11.0.25+0"/>
    <property name="java.specification.maintenance.version" value="3"/>
    <property name="sun.io.unicode.encoding" value="UnicodeBig"/>
    <property name="java.class.version" value="55.0"/>
    <property name="socksNonProxyHosts" value="local|*.local|169.254/16|*.169.254/16"/>
  </properties>
  <testcase name="testApp" classname="com.example.AppTest" time="0.002"/>
</testsuite>